0 info it worked if it ends with ok
1 verbose cli [
1 verbose cli   'C:\\Program Files\\nodejs\\node.exe',
1 verbose cli   'C:\\Projects\\BluePill.Client.Lib\\node_modules\\npm\\bin\\npm-cli.js',
1 verbose cli   'run',
1 verbose cli   'clean'
1 verbose cli ]
2 info using npm@3.10.10
3 info using node@v12.14.1
4 warn invalid config loglevel="notice"
5 verbose run-script [ 'preclean', 'clean', 'postclean' ]
6 info lifecycle bluepill-client-library@1.0.8~preclean: bluepill-client-library@1.0.8
7 silly lifecycle bluepill-client-library@1.0.8~preclean: no script for preclean, continuing
8 info lifecycle bluepill-client-library@1.0.8~clean: bluepill-client-library@1.0.8
9 verbose lifecycle bluepill-client-library@1.0.8~clean: unsafe-perm in lifecycle true
10 verbose lifecycle bluepill-client-library@1.0.8~clean: PATH: C:\Projects\BluePill.Client.Lib\node_modules\npm\bin\node-gyp-bin;C:\Projects\BluePill.Client.Lib\node_modules\.bin;C:\Users\48507\AppData\Roaming\npm\node_modules\npm\node_modules\npm-lifecycle\node-gyp-bin;C:\Projects\BluePill.Client.Lib\node_modules\.bin;C:\Python27\;C:\Python27\Scripts;C:\Windows\system32;C:\Windows;C:\Windows\System32\Wbem;C:\Windows\System32\WindowsPowerShell\v1.0\;C:\Windows\System32\OpenSSH\;C:\Program Files\Git\cmd;C:\Program Files\nodejs\;C:\ProgramData\chocolatey\bin;C:\Program Files\dotnet\;C:\Users\48507\AppData\Local\Microsoft\WindowsApps;;C:\Users\48507\AppData\Local\Programs\Microsoft VS Code\bin;C:\Users\48507\AppData\Roaming\npm
11 verbose lifecycle bluepill-client-library@1.0.8~clean: CWD: C:\Projects\BluePill.Client.Lib
12 silly lifecycle bluepill-client-library@1.0.8~clean: Args: [ '/d /s /c', 'rm ./bin -rf' ]
13 silly lifecycle bluepill-client-library@1.0.8~clean: Returned: code: 1  signal: null
14 info lifecycle bluepill-client-library@1.0.8~clean: Failed to exec clean script
15 verbose stack Error: bluepill-client-library@1.0.8 clean: `rm ./bin -rf`
15 verbose stack Exit status 1
15 verbose stack     at EventEmitter.<anonymous> (C:\Projects\BluePill.Client.Lib\node_modules\npm\lib\utils\lifecycle.js:255:16)
15 verbose stack     at EventEmitter.emit (events.js:223:5)
15 verbose stack     at ChildProcess.<anonymous> (C:\Projects\BluePill.Client.Lib\node_modules\npm\lib\utils\spawn.js:40:14)
15 verbose stack     at ChildProcess.emit (events.js:223:5)
15 verbose stack     at maybeClose (internal/child_process.js:1021:16)
15 verbose stack     at Process.ChildProcess._handle.onexit (internal/child_process.js:283:5)
16 verbose pkgid bluepill-client-library@1.0.8
17 verbose cwd C:\Projects\BluePill.Client.Lib
18 error Windows_NT 10.0.18363
19 error argv "C:\\Program Files\\nodejs\\node.exe" "C:\\Projects\\BluePill.Client.Lib\\node_modules\\npm\\bin\\npm-cli.js" "run" "clean"
20 error node v12.14.1
21 error npm  v3.10.10
22 error code ELIFECYCLE
23 error bluepill-client-library@1.0.8 clean: `rm ./bin -rf`
23 error Exit status 1
24 error Failed at the bluepill-client-library@1.0.8 clean script 'rm ./bin -rf'.
24 error Make sure you have the latest version of node.js and npm installed.
24 error If you do, this is most likely a problem with the bluepill-client-library package,
24 error not with npm itself.
24 error Tell the author that this fails on your system:
24 error     rm ./bin -rf
24 error You can get information on how to open an issue for this project with:
24 error     npm bugs bluepill-client-library
24 error Or if that isn't available, you can get their info via:
24 error     npm owner ls bluepill-client-library
24 error There is likely additional logging output above.
25 verbose exit [ 1, true ]
